#
# There is insufficient memory for the Java Runtime Environment to continue.
# Native memory allocation (malloc) failed to allocate 1648816 bytes for Chunk::new
# Possible reasons:
#   The system is out of physical RAM or swap space
#   In 32 bit mode, the process size limit was hit
# Possible solutions:
#   Reduce memory load on the system
#   Increase physical memory or swap space
#   Check if swap backing store is full
#   Use 64 bit Java on a 64 bit OS
#   Decrease Java heap size (-Xmx/-Xms)
#   Decrease number of Java threads
#   Decrease Java thread stack sizes (-Xss)
#   Set larger code cache with -XX:ReservedCodeCacheSize=
# This output file may be truncated or incomplete.
#
#  Out of Memory Error (allocation.cpp:390), pid=5340, tid=5204
#
# JRE version: Java(TM) SE Runtime Environment (8.0_25-b18) (build 1.8.0_25-b18)
# Java VM: Java HotSpot(TM) 64-Bit Server VM (25.25-b02 mixed mode windows-amd64 compressed oops)
# Failed to write core dump. Minidumps are not enabled by default on client versions of Windows
#

---------------  T H R E A D  ---------------

Current thread (0x0000000017070000):  JavaThread "C2 CompilerThread1" daemon [_thread_in_native, id=5204, stack(0x00000000186c0000,0x00000000187c0000)]

Stack: [0x00000000186c0000,0x00000000187c0000]
Native frames: (J=compiled Java code, j=interpreted, Vv=VM code, C=native code)
V  [jvm.dll+0x31667a]
V  [jvm.dll+0x267073]
V  [jvm.dll+0x267cb3]
V  [jvm.dll+0x25f5b5]
V  [jvm.dll+0xbf165]
V  [jvm.dll+0xbf60c]
V  [jvm.dll+0x45d672]
V  [jvm.dll+0x49e8ef]
V  [jvm.dll+0x452668]
V  [jvm.dll+0x453864]
V  [jvm.dll+0x437372]
V  [jvm.dll+0x98a02]
V  [jvm.dll+0x991f3]
V  [jvm.dll+0x22bde4]
V  [jvm.dll+0x2852fa]
C  [msvcr100.dll+0x21d9f]
C  [msvcr100.dll+0x21e3b]
C  [KERNEL32.DLL+0x13d2]
C  [ntdll.dll+0x154e4]


Current CompileTask:
C2:  36502 1979       4       com.android.dx.rop.code.Rops::ropFor (771 bytes)


---------------  P R O C E S S  ---------------

Java Threads: ( => current thread )
  0x00000000191b8000 JavaThread "pool-2-thread-4" [_thread_blocked, id=3896, stack(0x000000001aa90000,0x000000001ab90000)]
  0x0000000018f4b800 JavaThread "pool-2-thread-3" [_thread_blocked, id=5768, stack(0x000000001a990000,0x000000001aa90000)]
  0x0000000018f4a800 JavaThread "pool-2-thread-2" [_thread_blocked, id=4756, stack(0x000000001a890000,0x000000001a990000)]
  0x0000000018f48000 JavaThread "pool-3-thread-1" [_thread_blocked, id=2100, stack(0x000000001a790000,0x000000001a890000)]
  0x00000000192df800 JavaThread "pool-2-thread-1" [_thread_blocked, id=2388, stack(0x000000001a690000,0x000000001a790000)]
  0x00000000188ec800 JavaThread "Service Thread" daemon [_thread_blocked, id=5908, stack(0x0000000018cc0000,0x0000000018dc0000)]
  0x0000000017077000 JavaThread "C1 CompilerThread2" daemon [_thread_blocked, id=5172, stack(0x00000000187c0000,0x00000000188c0000)]
=>0x0000000017070000 JavaThread "C2 CompilerThread1" daemon [_thread_in_native, id=5204, stack(0x00000000186c0000,0x00000000187c0000)]
  0x000000001706e800 JavaThread "C2 CompilerThread0" daemon [_thread_in_native, id=3920, stack(0x00000000185c0000,0x00000000186c0000)]
  0x000000001706c000 JavaThread "Attach Listener" daemon [_thread_blocked, id=4380, stack(0x00000000184c0000,0x00000000185c0000)]
  0x000000001706a800 JavaThread "Signal Dispatcher" daemon [_thread_blocked, id=3632, stack(0x00000000183c0000,0x00000000184c0000)]
  0x0000000002448000 JavaThread "Finalizer" daemon [_thread_blocked, id=1852, stack(0x00000000182c0000,0x00000000183c0000)]
  0x000000000243f000 JavaThread "Reference Handler" daemon [_thread_blocked, id=5928, stack(0x00000000181c0000,0x00000000182c0000)]
  0x000000000224e000 JavaThread "main" [_thread_blocked, id=3744, stack(0x0000000002250000,0x0000000002350000)]

Other Threads:
  0x0000000017036800 VMThread [stack: 0x00000000180c0000,0x00000000181c0000] [id=2580]
  0x00000000188ef000 WatcherThread [stack: 0x0000000018dc0000,0x0000000018ec0000] [id=3120]

VM state:at safepoint (normal execution)

VM Mutex/Monitor currently owned by a thread:  ([mutex/lock_event])
[0x000000000224dac0] ExpandHeap_lock - owner thread: 0x0000000017036800
[0x000000000224cd40] Threads_lock - owner thread: 0x0000000017036800
[0x000000000224cc40] Heap_lock - owner thread: 0x0000000018f4b800

Heap:
 PSYoungGen      total 304640K, used 109989K [0x00000000d5580000, 0x00000000edf00000, 0x0000000100000000)
  eden space 256000K, 42% used [0x00000000d5580000,0x00000000dc0e9520,0x00000000e4f80000)
  from space 48640K, 0% used [0x00000000eaf80000,0x00000000eaf80000,0x00000000edf00000)
  to   space 42496K, 0% used [0x00000000e4f80000,0x00000000e4f80000,0x00000000e7900000)
 ParOldGen       total 153600K, used 153453K [0x0000000080000000, 0x0000000089600000, 0x00000000d5580000)
  object space 153600K, 99% used [0x0000000080000000,0x00000000895db6f8,0x0000000089600000)
 Metaspace       used 6596K, capacity 7320K, committed 7680K, reserved 1056768K
  class space    used 615K, capacity 656K, committed 768K, reserved 1048576K

Card table byte_map: [0x0000000011810000,0x0000000011c20000] byte_map_base: 0x0000000011410000

Marking Bits: (ParMarkBitMap*) 0x00000000585dd490
 Begin Bits: [0x00000000122d0000, 0x00000000142d0000)
 End Bits:   [0x00000000142d0000, 0x00000000162d0000)

Polling page: 0x0000000000920000

CodeCache: size=245760Kb used=10326Kb max_used=10326Kb free=235433Kb
 bounds [0x0000000002450000, 0x0000000002e70000, 0x0000000011450000]
 total_blobs=2616 nmethods=2351 adapters=178
 compilation: enabled

Compilation events (10 events):
Event: 19.615 Thread 0x0000000017077000 nmethod 2443 0x0000000002e25a50 code [0x0000000002e25ce0, 0x0000000002e27418]
Event: 19.631 Thread 0x0000000017077000 2445       1       com.android.dx.rop.cst.CstDouble::getType (4 bytes)
Event: 21.629 Thread 0x0000000017077000 nmethod 2445 0x0000000002e09f10 code [0x0000000002e0a060, 0x0000000002e0a170]
Event: 21.629 Thread 0x0000000017077000 2447       2       java.util.concurrent.ThreadPoolExecutor$CallerRunsPolicy::rejectedExecution (14 bytes)
Event: 21.630 Thread 0x0000000017077000 nmethod 2447 0x0000000002e09b10 code [0x0000000002e09c80, 0x0000000002e09e08]
Event: 21.665 Thread 0x0000000017077000 2449       2       java.util.concurrent.locks.AbstractQueuedSynchronizer$Node::<init> (15 bytes)
Event: 21.665 Thread 0x0000000017077000 nmethod 2449 0x0000000002e29890 code [0x0000000002e299e0, 0x0000000002e29b50]
Event: 21.667 Thread 0x0000000017077000 2450       2       java.util.concurrent.locks.AbstractQueuedSynchronizer::addWaiter (50 bytes)
Event: 21.668 Thread 0x0000000017077000 nmethod 2450 0x0000000002e29390 code [0x0000000002e29500, 0x0000000002e297a8]
Event: 21.710 Thread 0x0000000017077000 2452       2       com.android.dx.dex.file.AnnotationUtils::makeMemberClasses (40 bytes)

GC Heap History (10 events):
Event: 9.203 GC heap before
{Heap before GC invocations=13 (full 1):
 PSYoungGen      total 225280K, used 225262K [0x00000000d5580000, 0x00000000e9e80000, 0x0000000100000000)
  eden space 198144K, 100% used [0x00000000d5580000,0x00000000e1700000,0x00000000e1700000)
  from space 27136K, 99% used [0x00000000e1700000,0x00000000e317b9d8,0x00000000e3180000)
  to   space 38400K, 0% used [0x00000000e7900000,0x00000000e7900000,0x00000000e9e80000)
 ParOldGen       total 81408K, used 61699K [0x0000000080000000, 0x0000000084f80000, 0x00000000d5580000)
  object space 81408K, 75% used [0x0000000080000000,0x0000000083c40c18,0x0000000084f80000)
 Metaspace       used 6551K, capacity 7320K, committed 7680K, reserved 1056768K
  class space    used 614K, capacity 656K, committed 768K, reserved 1048576K
Event: 9.301 GC heap after
Heap after GC invocations=13 (full 1):
 PSYoungGen      total 294400K, used 31267K [0x00000000d5580000, 0x00000000ea900000, 0x0000000100000000)
  eden space 256000K, 0% used [0x00000000d5580000,0x00000000d5580000,0x00000000e4f80000)
  from space 38400K, 81% used [0x00000000e7900000,0x00000000e9788ed0,0x00000000e9e80000)
  to   space 42496K, 0% used [0x00000000e4f80000,0x00000000e4f80000,0x00000000e7900000)
 ParOldGen       total 89088K, used 88764K [0x0000000080000000, 0x0000000085700000, 0x00000000d5580000)
  object space 89088K, 99% used [0x0000000080000000,0x00000000856af2f8,0x0000000085700000)
 Metaspace       used 6551K, capacity 7320K, committed 7680K, reserved 1056768K
  class space    used 614K, capacity 656K, committed 768K, reserved 1048576K
}
Event: 9.301 GC heap before
{Heap before GC invocations=14 (full 2):
 PSYoungGen      total 294400K, used 31267K [0x00000000d5580000, 0x00000000ea900000, 0x0000000100000000)
  eden space 256000K, 0% used [0x00000000d5580000,0x00000000d5580000,0x00000000e4f80000)
  from space 38400K, 81% used [0x00000000e7900000,0x00000000e9788ed0,0x00000000e9e80000)
  to   space 42496K, 0% used [0x00000000e4f80000,0x00000000e4f80000,0x00000000e7900000)
 ParOldGen       total 89088K, used 88764K [0x0000000080000000, 0x0000000085700000, 0x00000000d5580000)
  object space 89088K, 99% used [0x0000000080000000,0x00000000856af2f8,0x0000000085700000)
 Metaspace       used 6551K, capacity 7320K, committed 7680K, reserved 1056768K
  class space    used 614K, capacity 656K, committed 768K, reserved 1048576K
Event: 10.007 GC heap after
Heap after GC invocations=14 (full 2):
 PSYoungGen      total 294400K, used 26980K [0x00000000d5580000, 0x00000000ea900000, 0x0000000100000000)
  eden space 256000K, 0% used [0x00000000d5580000,0x00000000d5580000,0x00000000e4f80000)
  from space 38400K, 70% used [0x00000000e7900000,0x00000000e9359170,0x00000000e9e80000)
  to   space 42496K, 0% used [0x00000000e4f80000,0x00000000e4f80000,0x00000000e7900000)
 ParOldGen       total 153600K, used 88595K [0x0000000080000000, 0x0000000089600000, 0x00000000d5580000)
  object space 153600K, 57% used [0x0000000080000000,0x0000000085684e68,0x0000000089600000)
 Metaspace       used 6551K, capacity 7320K, committed 7680K, reserved 1056768K
  class space    used 614K, capacity 656K, committed 768K, reserved 1048576K
}
Event: 11.038 GC heap before
{Heap before GC invocations=15 (full 2):
 PSYoungGen      total 294400K, used 282980K [0x00000000d5580000, 0x00000000ea900000, 0x0000000100000000)
  eden space 256000K, 100% used [0x00000000d5580000,0x00000000e4f80000,0x00000000e4f80000)
  from space 38400K, 70% used [0x00000000e7900000,0x00000000e9359170,0x00000000e9e80000)
  to   space 42496K, 0% used [0x00000000e4f80000,0x00000000e4f80000,0x00000000e7900000)
 ParOldGen       total 153600K, used 88595K [0x0000000080000000, 0x0000000089600000, 0x00000000d5580000)
  object space 153600K, 57% used [0x0000000080000000,0x0000000085684e68,0x0000000089600000)
 Metaspace       used 6563K, capacity 7320K, committed 7680K, reserved 1056768K
  class space    used 614K, capacity 656K, committed 768K, reserved 1048576K
Event: 11.159 GC heap after
Heap after GC invocations=15 (full 2):
 PSYoungGen      total 298496K, used 39032K [0x00000000d5580000, 0x00000000edf00000, 0x0000000100000000)
  eden space 256000K, 0% used [0x00000000d5580000,0x00000000d5580000,0x00000000e4f80000)
  from space 42496K, 91% used [0x00000000e4f80000,0x00000000e759e3e8,0x00000000e7900000)
  to   space 48640K, 0% used [0x00000000eaf80000,0x00000000eaf80000,0x00000000edf00000)
 ParOldGen       total 153600K, used 114075K [0x0000000080000000, 0x0000000089600000, 0x00000000d5580000)
  object space 153600K, 74% used [0x0000000080000000,0x0000000086f66db0,0x0000000089600000)
 Metaspace       used 6563K, capacity 7320K, committed 7680K, reserved 1056768K
  class space    used 614K, capacity 656K, committed 768K, reserved 1048576K
}
Event: 12.123 GC heap before
{Heap before GC invocations=16 (full 2):
 PSYoungGen      total 298496K, used 295032K [0x00000000d5580000, 0x00000000edf00000, 0x0000000100000000)
  eden space 256000K, 100% used [0x00000000d5580000,0x00000000e4f80000,0x00000000e4f80000)
  from space 42496K, 91% used [0x00000000e4f80000,0x00000000e759e3e8,0x00000000e7900000)
  to   space 48640K, 0% used [0x00000000eaf80000,0x00000000eaf80000,0x00000000edf00000)
 ParOldGen       total 153600K, used 114075K [0x0000000080000000, 0x0000000089600000, 0x00000000d5580000)
  object space 153600K, 74% used [0x0000000080000000,0x0000000086f66db0,0x0000000089600000)
 Metaspace       used 6578K, capacity 7320K, committed 7680K, reserved 1056768K
  class space    used 615K, capacity 656K, committed 768K, reserved 1048576K
Event: 14.254 GC heap after
Heap after GC invocations=16 (full 2):
 PSYoungGen      total 304640K, used 48616K [0x00000000d5580000, 0x00000000edf00000, 0x0000000100000000)
  eden space 256000K, 0% used [0x00000000d5580000,0x00000000d5580000,0x00000000e4f80000)
  from space 48640K, 99% used [0x00000000eaf80000,0x00000000edefa140,0x00000000edf00000)
  to   space 42496K, 0% used [0x00000000e4f80000,0x00000000e4f80000,0x00000000e7900000)
 ParOldGen       total 153600K, used 143848K [0x0000000080000000, 0x0000000089600000, 0x00000000d5580000)
  object space 153600K, 93% used [0x0000000080000000,0x0000000088c7a3d0,0x0000000089600000)
 Metaspace       used 6578K, capacity 7320K, committed 7680K, reserved 1056768K
  class space    used 615K, capacity 656K, committed 768K, reserved 1048576K
}
Event: 14.254 GC heap before
{Heap before GC invocations=17 (full 3):
 PSYoungGen      total 304640K, used 48616K [0x00000000d5580000, 0x00000000edf00000, 0x0000000100000000)
  eden space 256000K, 0% used [0x00000000d5580000,0x00000000d5580000,0x00000000e4f80000)
  from space 48640K, 99% used [0x00000000eaf80000,0x00000000edefa140,0x00000000edf00000)
  to   space 42496K, 0% used [0x00000000e4f80000,0x00000000e4f80000,0x00000000e7900000)
 ParOldGen       total 153600K, used 143848K [0x0000000080000000, 0x0000000089600000, 0x00000000d5580000)
  object space 153600K, 93% used [0x0000000080000000,0x0000000088c7a3d0,0x0000000089600000)
 Metaspace       used 6578K, capacity 7320K, committed 7680K, reserved 1056768K
  class space    used 615K, capacity 656K, committed 768K, reserved 1048576K
Event: 19.326 GC heap after
Heap after GC invocations=17 (full 3):
 PSYoungGen      total 304640K, used 35202K [0x00000000d5580000, 0x00000000edf00000, 0x0000000100000000)
  eden space 256000K, 0% used [0x00000000d5580000,0x00000000d5580000,0x00000000e4f80000)
  from space 48640K, 72% used [0x00000000eaf80000,0x00000000ed1e09a0,0x00000000edf00000)
  to   space 42496K, 0% used [0x00000000e4f80000,0x00000000e4f80000,0x00000000e7900000)
 ParOldGen       total 153600K, used 153092K [0x0000000080000000, 0x0000000089600000, 0x00000000d5580000)
  object space 153600K, 99% used [0x0000000080000000,0x0000000089581358,0x0000000089600000)
 Metaspace       used 6578K, capacity 7320K, committed 7680K, reserved 1056768K
  class space    used 615K, capacity 656K, committed 768K, reserved 1048576K
}

Deoptimization events (10 events):
Event: 7.679 Thread 0x00000000191b8000 Uncommon trap: reason=bimorphic action=maybe_recompile pc=0x0000000002ba5888 method=com.android.dx.cf.code.OneLocalsArray.set(ILcom/android/dx/rop/type/TypeBearer;)V @ 85
Event: 7.679 Thread 0x00000000191b8000 Uncommon trap: reason=bimorphic action=maybe_recompile pc=0x0000000002ba5888 method=com.android.dx.cf.code.OneLocalsArray.set(ILcom/android/dx/rop/type/TypeBearer;)V @ 85
Event: 7.682 Thread 0x00000000191b8000 Uncommon trap: reason=bimorphic action=maybe_recompile pc=0x0000000002ba5888 method=com.android.dx.cf.code.OneLocalsArray.set(ILcom/android/dx/rop/type/TypeBearer;)V @ 85
Event: 10.500 Thread 0x0000000018f4a800 Uncommon trap: reason=class_check action=maybe_recompile pc=0x0000000002cfc9a0 method=com.android.dx.cf.code.Ropper.processBlock(Lcom/android/dx/cf/code/ByteBlock;Lcom/android/dx/cf/code/Frame;[I)V @ 711
Event: 10.500 Thread 0x0000000018f4a800 Uncommon trap: reason=unreached action=reinterpret pc=0x0000000002b59254 method=com.android.dx.ssa.MoveParamCombiner$1.visitNonMoveInsn(Lcom/android/dx/ssa/NormalSsaInsn;)V @ 27
Event: 11.822 Thread 0x0000000018f4b800 Uncommon trap: reason=class_check action=maybe_recompile pc=0x0000000002cfc9a0 method=com.android.dx.cf.code.Ropper.processBlock(Lcom/android/dx/cf/code/ByteBlock;Lcom/android/dx/cf/code/Frame;[I)V @ 711
Event: 11.823 Thread 0x0000000018f4b800 Uncommon trap: reason=class_check action=maybe_recompile pc=0x0000000002cfc9a0 method=com.android.dx.cf.code.Ropper.processBlock(Lcom/android/dx/cf/code/ByteBlock;Lcom/android/dx/cf/code/Frame;[I)V @ 711
Event: 11.891 Thread 0x00000000192df800 Uncommon trap: reason=class_check action=maybe_recompile pc=0x0000000002cfc9a0 method=com.android.dx.cf.code.Ropper.processBlock(Lcom/android/dx/cf/code/ByteBlock;Lcom/android/dx/cf/code/Frame;[I)V @ 711
Event: 12.081 Thread 0x000000000224e000 Uncommon trap: reason=unreached action=reinterpret pc=0x00000000025e3c48 method=java.util.zip.ZipCoder.decoder()Ljava/nio/charset/CharsetDecoder; @ 4
Event: 12.081 Thread 0x000000000224e000 Uncommon trap: reason=unreached action=reinterpret pc=0x00000000026358d8 method=java.util.zip.ZipEntry.setExtra0([BZ)V @ 1

Internal exceptions (10 events):
Event: 3.974 Thread 0x00000000192df800 Exception <a 'java/security/PrivilegedActionException'> (0x00000000d7b28ab8) thrown at [D:\re\workspace\8-2-build-windows-amd64-cygwin\jdk8u25\1677\hotspot\src\share\vm\prims\jvm.cpp, line 1312]
Event: 4.061 Thread 0x000000000224e000 Exception <a 'java/security/PrivilegedActionException'> (0x00000000d76a9980) thrown at [D:\re\workspace\8-2-build-windows-amd64-cygwin\jdk8u25\1677\hotspot\src\share\vm\prims\jvm.cpp, line 1312]
Event: 4.885 Thread 0x0000000018f4a800 Exception <a 'java/lang/ArrayIndexOutOfBoundsException': 18> (0x00000000d7f279c8) thrown at [D:\re\workspace\8-2-build-windows-amd64-cygwin\jdk8u25\1677\hotspot\src\share\vm\interpreter\interpreterRuntime.cpp, line 366]
Event: 4.885 Thread 0x0000000018f4a800 Exception <a 'java/lang/ArrayIndexOutOfBoundsException': 145> (0x00000000d7f29460) thrown at [D:\re\workspace\8-2-build-windows-amd64-cygwin\jdk8u25\1677\hotspot\src\share\vm\interpreter\interpreterRuntime.cpp, line 366]
Event: 4.933 Thread 0x0000000018f4a800 Exception <a 'java/lang/ArrayIndexOutOfBoundsException'> (0x00000000d7f2a678) thrown at [D:\re\workspace\8-2-build-windows-amd64-cygwin\jdk8u25\1677\hotspot\src\share\vm\runtime\sharedRuntime.cpp, line 604]
Event: 5.393 Thread 0x00000000192df800 Exception <a 'java/security/PrivilegedActionException'> (0x00000000d7dab168) thrown at [D:\re\workspace\8-2-build-windows-amd64-cygwin\jdk8u25\1677\hotspot\src\share\vm\prims\jvm.cpp, line 1312]
Event: 9.118 Thread 0x0000000018f4a800 Exception <a 'java/security/PrivilegedActionException'> (0x00000000e027df10) thrown at [D:\re\workspace\8-2-build-windows-amd64-cygwin\jdk8u25\1677\hotspot\src\share\vm\prims\jvm.cpp, line 1312]
Event: 11.248 Thread 0x00000000191b8000 Exception <a 'java/security/PrivilegedActionException'> (0x00000000d6cb7a38) thrown at [D:\re\workspace\8-2-build-windows-amd64-cygwin\jdk8u25\1677\hotspot\src\share\vm\prims\jvm.cpp, line 1312]
Event: 12.077 Thread 0x000000000224e000 Exception <a 'java/security/PrivilegedActionException'> (0x00000000e38fe448) thrown at [D:\re\workspace\8-2-build-windows-amd64-cygwin\jdk8u25\1677\hotspot\src\share\vm\prims\jvm.cpp, line 1312]
Event: 12.081 Thread 0x000000000224e000 Implicit null exception at 0x00000000025e3677 to 0x00000000025e3c31

Events (10 events):
Event: 12.081 Thread 0x000000000224e000 DEOPT UNPACKING pc=0x000000000249556a sp=0x000000000234ebe8 mode 2
Event: 12.122 Executing VM operation: ParallelGCFailedAllocation
Event: 19.326 Executing VM operation: ParallelGCFailedAllocation done
Event: 21.628 Thread 0x00000000192df800 DEOPT PACKING pc=0x000000000294072d sp=0x000000001a78eb30
Event: 21.628 Thread 0x00000000192df800 DEOPT UNPACKING pc=0x00000000024975bf sp=0x000000001a78e8c0 mode 0
Event: 21.630 Thread 0x0000000018f4b800 DEOPT PACKING pc=0x000000000294072d sp=0x000000001aa8e940
Event: 21.630 Thread 0x0000000018f4b800 DEOPT UNPACKING pc=0x00000000024975bf sp=0x000000001aa8e6d0 mode 0
Event: 21.687 Thread 0x00000000191b8000 DEOPT PACKING pc=0x000000000294072d sp=0x000000001ab8eb30
Event: 21.687 Thread 0x00000000191b8000 DEOPT UNPACKING pc=0x00000000024975bf sp=0x000000001ab8e8c0 mode 0
Event: 21.715 Executing VM operation: ParallelGCFailedAllocation


Dynamic libraries:
0x00007ff77e3e0000 - 0x00007ff77e414000 	C:\Program Files\Java\jdk1.8.0_25\bin\java.exe
0x00007ffb090f0000 - 0x00007ffb0929d000 	C:\Windows\SYSTEM32\ntdll.dll
0x00007ffb06770000 - 0x00007ffb068ae000 	C:\Windows\system32\KERNEL32.DLL
0x00007ffb062e0000 - 0x00007ffb063f5000 	C:\Windows\system32\KERNELBASE.dll
0x00007ffb04de0000 - 0x00007ffb04e6e000 	C:\Windows\system32\apphelp.dll
0x00007ffaef340000 - 0x00007ffaef393000 	C:\Windows\AppPatch\AppPatch64\AcGenral.DLL
0x00007ffb084c0000 - 0x00007ffb0856a000 	C:\Windows\system32\msvcrt.dll
0x00007ffb06450000 - 0x00007ffb0647e000 	C:\Windows\system32\SspiCli.dll
0x00007ffb08730000 - 0x00007ffb08784000 	C:\Windows\system32\SHLWAPI.dll
0x00007ffb06a30000 - 0x00007ffb06ba7000 	C:\Windows\system32\USER32.dll
0x00007ffb08e70000 - 0x00007ffb09004000 	C:\Windows\system32\ole32.dll
0x00007ffb06bd0000 - 0x00007ffb080f8000 	C:\Windows\system32\SHELL32.dll
0x00007ffb057e0000 - 0x00007ffb05801000 	C:\Windows\SYSTEM32\USERENV.dll
0x00007ffb068b0000 - 0x00007ffb0695a000 	C:\Windows\system32\ADVAPI32.dll
0x00007ffafe4b0000 - 0x00007ffafe4ce000 	C:\Windows\SYSTEM32\MPR.dll
0x00007ffb08320000 - 0x00007ffb08460000 	C:\Windows\system32\RPCRT4.dll
0x00007ffb08790000 - 0x00007ffb087e9000 	C:\Windows\SYSTEM32\sechost.dll
0x00007ffb087f0000 - 0x00007ffb08a01000 	C:\Windows\SYSTEM32\combase.dll
0x00007ffb08100000 - 0x00007ffb0824f000 	C:\Windows\system32\GDI32.dll
0x00007ffb06210000 - 0x00007ffb06225000 	C:\Windows\SYSTEM32\profapi.dll
0x00007ffb04790000 - 0x00007ffb04842000 	C:\Windows\SYSTEM32\SHCORE.dll
0x00007ffb08e30000 - 0x00007ffb08e66000 	C:\Windows\system32\IMM32.DLL
0x00007ffb08cd0000 - 0x00007ffb08e22000 	C:\Windows\system32\MSCTF.dll
0x00007ffb03d20000 - 0x00007ffb03f9b000 	C:\Windows\WinSxS\amd64_microsoft.windows.common-controls_6595b64144ccf1df_6.0.9600.18006_none_623f33d3ecbe86e8\COMCTL32.dll
0x0000000057a50000 - 0x0000000057b22000 	C:\Program Files\Java\jdk1.8.0_25\jre\bin\msvcr100.dll
0x0000000057e00000 - 0x000000005865a000 	C:\Program Files\Java\jdk1.8.0_25\jre\bin\server\jvm.dll
0x00007ffafacb0000 - 0x00007ffafacb9000 	C:\Windows\SYSTEM32\WSOCK32.dll
0x00007ffafcd00000 - 0x00007ffafcd22000 	C:\Windows\SYSTEM32\WINMM.dll
0x00007ffb08a10000 - 0x00007ffb08a17000 	C:\Windows\system32\PSAPI.DLL
0x00007ffb082c0000 - 0x00007ffb0831a000 	C:\Windows\system32\WS2_32.dll
0x00007ffafcca0000 - 0x00007ffafccca000 	C:\Windows\SYSTEM32\WINMMBASE.dll
0x00007ffb090d0000 - 0x00007ffb090d9000 	C:\Windows\system32\NSI.dll
0x00007ffb06400000 - 0x00007ffb0644f000 	C:\Windows\SYSTEM32\cfgmgr32.dll
0x00007ffb05040000 - 0x00007ffb05068000 	C:\Windows\SYSTEM32\DEVOBJ.dll
0x0000000058810000 - 0x000000005881f000 	C:\Program Files\Java\jdk1.8.0_25\jre\bin\verify.dll
0x00000000587e0000 - 0x0000000058808000 	C:\Program Files\Java\jdk1.8.0_25\jre\bin\java.dll
0x00000000587c0000 - 0x00000000587d6000 	C:\Program Files\Java\jdk1.8.0_25\jre\bin\zip.dll
0x00007ffafd320000 - 0x00007ffafd4a9000 	C:\Windows\SYSTEM32\dbghelp.dll

VM Arguments:
jvm_args: -Djava.awt.headless=true -Xmx2g -Dfile.encoding=windows-1252 -Duser.country=US -Duser.language=en -Duser.variant 
java_command: com.android.dx.command.Main --dex --num-threads=4 --multi-dex --main-dex-list E:\AndroidAPPs\androidapp\MovieApp^\TourismGuide\app\build\intermediates\multi-dex\debug\maindexlist.txt --output E:\AndroidAPPs\androidapp\MovieApp^\TourismGuide\app\build\intermediates\transforms\dex\debug\folders\1000\1f\main E:\AndroidAPPs\androidapp\MovieApp^\TourismGuide\app\build\intermediates\transforms\jarMerging\debug\jars\1\1f\combined.jar
java_class_path (initial): E:\programs\Android\android_studio\sdk\build-tools\23.0.2\lib\dx.jar
Launcher Type: SUN_STANDARD

Environment Variables:
JAVA_HOME=C:\Program Files\Java\jdk1.8.0_25
JRE_HOME=C:\Program Files\Java\jre1.8.0_66
CLASSPATH=C:\Users\Ahmed AboMazin\Desktop\jade.jar
PATH=C:\app\Ahmed_AboMazin\product\11.2.0\dbhome_1\bin;E:\app\Ahmed_AboMazin\bin;C:\Windows\system32;C:\Windows;C:\Windows\System32\Wbem;C:\Windows\System32\WindowsPowerShell\v1.0\;C:\Program Files\Microsoft SQL Server\110\Tools\Binn\;C:\Program Files\7-Zip;C:\Program Files (x86)\Microsoft ASP.NET\ASP.NET Web Pages\v1.0\;C:\Program Files (x86)\Microsoft SQL Server\110\Tools\Binn\;C:\Program Files\Microsoft SQL Server\110\DTS\Binn\;C:\Program Files (x86)\Microsoft SQL Server\110\Tools\Binn\ManagementStudio\;C:\Program Files (x86)\Microsoft Visual Studio 10.0\Common7\IDE\PrivateAssemblies\;C:\Program Files (x86)\Microsoft SQL Server\110\DTS\Binn\;E:\matlab installation\bin;E:\matlab installation\bin\win32;E:\Matlab installatio\bin;E:\Matlab installatio\bin\win32;C:\Program Files (x86)\MySQL\MySQL Server 5.0\bin;C:\Program Files\Git\cmd;C:\Program Files (x86)\Windows Kits\8.0\Windows Performance Toolkit\;c:\Program Files (x86)\Microsoft SQL Server\90\Tools\binn\;C:\Program Files\Java\jdk1.7.0_71\bin
USERNAME=Ahmed AboMazin
OS=Windows_NT
PROCESSOR_IDENTIFIER=Intel64 Family 6 Model 58 Stepping 9, GenuineIntel



---------------  S Y S T E M  ---------------

OS: Windows 8.1 , 64 bit Build 9600 

CPU:total 4 (2 cores per cpu, 2 threads per core) family 6 model 58 stepping 9, cmov, cx8, fxsr, mmx, sse, sse2, sse3, ssse3, sse4.1, sse4.2, popcnt, avx, aes, clmul, erms, ht, tsc, tscinvbit, tscinv

Memory: 4k page, physical 4078952k(583164k free), swap 6853788k(3436k free)

vm_info: Java HotSpot(TM) 64-Bit Server VM (25.25-b02) for windows-amd64 JRE (1.8.0_25-b18), built on Oct  7 2014 14:25:37 by "java_re" with MS VC++ 10.0 (VS2010)

time: Tue Oct 18 14:34:25 2016
elapsed time: 36 seconds (0d 0h 0m 36s)

