#
# There is insufficient memory for the Java Runtime Environment to continue.
# Native memory allocation (malloc) failed to allocate 32744 bytes for ChunkPool::allocate
# Possible reasons:
#   The system is out of physical RAM or swap space
#   In 32 bit mode, the process size limit was hit
# Possible solutions:
#   Reduce memory load on the system
#   Increase physical memory or swap space
#   Check if swap backing store is full
#   Use 64 bit Java on a 64 bit OS
#   Decrease Java heap size (-Xmx/-Xms)
#   Decrease number of Java threads
#   Decrease Java thread stack sizes (-Xss)
#   Set larger code cache with -XX:ReservedCodeCacheSize=
# This output file may be truncated or incomplete.
#
#  Out of Memory Error (allocation.cpp:273), pid=4376, tid=5708
#
# JRE version: Java(TM) SE Runtime Environment (8.0_25-b18) (build 1.8.0_25-b18)
# Java VM: Java HotSpot(TM) 64-Bit Server VM (25.25-b02 mixed mode windows-amd64 compressed oops)
# Failed to write core dump. Minidumps are not enabled by default on client versions of Windows
#

---------------  T H R E A D  ---------------

Current thread (0x0000000016e96800):  JavaThread "C1 CompilerThread2" daemon [_thread_in_native, id=5708, stack(0x0000000018600000,0x0000000018700000)]

Stack: [0x0000000018600000,0x0000000018700000]
Native frames: (J=compiled Java code, j=interpreted, Vv=VM code, C=native code)
V  [jvm.dll+0x31667a]
V  [jvm.dll+0x267073]
V  [jvm.dll+0x267cb3]
V  [jvm.dll+0x25f5b5]
V  [jvm.dll+0xbeec1]
V  [jvm.dll+0xbf60c]
V  [jvm.dll+0x9f52e]
V  [jvm.dll+0x4033a1]
V  [jvm.dll+0x412167]
V  [jvm.dll+0x29fb9e]
V  [jvm.dll+0x411d83]
V  [jvm.dll+0x3ecfdb]
V  [jvm.dll+0x3ed6ea]
V  [jvm.dll+0x3ed7c2]
V  [jvm.dll+0x3ed98e]
V  [jvm.dll+0x3edb8f]
V  [jvm.dll+0x98a02]
V  [jvm.dll+0x991f3]
V  [jvm.dll+0x22bde4]
V  [jvm.dll+0x2852fa]
C  [msvcr100.dll+0x21d9f]
C  [msvcr100.dll+0x21e3b]
C  [KERNEL32.DLL+0x13d2]
C  [ntdll.dll+0x154e4]


Current CompileTask:
C1:  67774 3066       3       com.android.dx.ssa.back.FirstFitLocalCombiningAllocator$1::processInsn (169 bytes)


---------------  P R O C E S S  ---------------

Java Threads: ( => current thread )
  0x00000000193fb000 JavaThread "pool-2-thread-4" [_thread_blocked, id=1548, stack(0x000000001a8d0000,0x000000001a9d0000)]
  0x0000000018aca000 JavaThread "pool-2-thread-3" [_thread_blocked, id=4740, stack(0x000000001a7d0000,0x000000001a8d0000)]
  0x0000000019005800 JavaThread "pool-2-thread-2" [_thread_blocked, id=4624, stack(0x000000001a6d0000,0x000000001a7d0000)]
  0x0000000018df5800 JavaThread "pool-3-thread-1" [_thread_blocked, id=4920, stack(0x000000001a5d0000,0x000000001a6d0000)]
  0x0000000018af6800 JavaThread "pool-2-thread-1" [_thread_blocked, id=5528, stack(0x000000001a4d0000,0x000000001a5d0000)]
  0x0000000018724800 JavaThread "Service Thread" daemon [_thread_blocked, id=888, stack(0x0000000018b00000,0x0000000018c00000)]
=>0x0000000016e96800 JavaThread "C1 CompilerThread2" daemon [_thread_in_native, id=5708, stack(0x0000000018600000,0x0000000018700000)]
  0x0000000016e90800 JavaThread "C2 CompilerThread1" daemon [_thread_in_native, id=6068, stack(0x0000000018500000,0x0000000018600000)]
  0x0000000016e8e800 JavaThread "C2 CompilerThread0" daemon [_thread_blocked, id=1516, stack(0x0000000018400000,0x0000000018500000)]
  0x0000000016e8c800 JavaThread "Attach Listener" daemon [_thread_blocked, id=1276, stack(0x0000000018300000,0x0000000018400000)]
  0x0000000016e8b000 JavaThread "Signal Dispatcher" daemon [_thread_blocked, id=2160, stack(0x0000000018200000,0x0000000018300000)]
  0x0000000002266800 JavaThread "Finalizer" daemon [_thread_blocked, id=4456, stack(0x0000000018100000,0x0000000018200000)]
  0x0000000016e58800 JavaThread "Reference Handler" daemon [_thread_blocked, id=4748, stack(0x0000000018000000,0x0000000018100000)]
  0x0000000000a2e000 JavaThread "main" [_thread_in_native, id=5820, stack(0x0000000002070000,0x0000000002170000)]

Other Threads:
  0x0000000016e57000 VMThread [stack: 0x0000000017f00000,0x0000000018000000] [id=4416]
  0x0000000018727000 WatcherThread [stack: 0x0000000018c00000,0x0000000018d00000] [id=5476]

VM state:not at safepoint (normal execution)

VM Mutex/Monitor currently owned by a thread: None

Heap:
 PSYoungGen      total 435712K, used 271913K [0x00000000d5580000, 0x00000000f7780000, 0x0000000100000000)
  eden space 340992K, 79% used [0x00000000d5580000,0x00000000e5f0a7b0,0x00000000ea280000)
  from space 94720K, 0% used [0x00000000ea280000,0x00000000ea280000,0x00000000eff00000)
  to   space 76800K, 0% used [0x00000000eff00000,0x00000000eff00000,0x00000000f4a00000)
 ParOldGen       total 280576K, used 280563K [0x0000000080000000, 0x0000000091200000, 0x00000000d5580000)
  object space 280576K, 99% used [0x0000000080000000,0x00000000911fcd30,0x0000000091200000)
 Metaspace       used 6592K, capacity 7320K, committed 7680K, reserved 1056768K
  class space    used 616K, capacity 656K, committed 768K, reserved 1048576K

Card table byte_map: [0x0000000011630000,0x0000000011a40000] byte_map_base: 0x0000000011230000

Marking Bits: (ParMarkBitMap*) 0x00000000585dd490
 Begin Bits: [0x00000000120f0000, 0x00000000140f0000)
 End Bits:   [0x00000000140f0000, 0x00000000160f0000)

Polling page: 0x0000000000a10000

CodeCache: size=245760Kb used=12470Kb max_used=12486Kb free=233289Kb
 bounds [0x0000000002270000, 0x0000000002eb0000, 0x0000000011270000]
 total_blobs=2767 nmethods=2502 adapters=178
 compilation: enabled

Compilation events (10 events):
Event: 63.321 Thread 0x0000000016e8e800 3062       4       java.io.DataInputStream::<init> (30 bytes)
Event: 63.328 Thread 0x0000000016e8e800 nmethod 3062 0x00000000025fef10 code [0x00000000025ff060, 0x00000000025ff2b8]
Event: 63.637 Thread 0x0000000016e90800 3063       4       com.android.dx.rop.cst.CstInterfaceMethodRef::toMethodRef (31 bytes)
Event: 63.647 Thread 0x0000000016e90800 nmethod 3063 0x0000000002beff10 code [0x0000000002bf0060, 0x0000000002bf0228]
Event: 63.702 Thread 0x0000000016e8e800 3064       4       com.android.dx.ssa.back.FirstFitLocalCombiningAllocator::canMapReg (32 bytes)
Event: 63.710 Thread 0x0000000016e8e800 nmethod 3064 0x00000000025ffd90 code [0x00000000025fff20, 0x0000000002600368]
Event: 63.714 Thread 0x0000000016e96800 3065       3       com.android.dx.ssa.back.FirstFitLocalCombiningAllocator::handleNormalUnassociated (99 bytes)
Event: 63.716 Thread 0x0000000016e96800 nmethod 3065 0x0000000002e9c4d0 code [0x0000000002e9c780, 0x0000000002e9db38]
Event: 65.718 Thread 0x0000000016e96800 3066       3       com.android.dx.ssa.back.FirstFitLocalCombiningAllocator$1::processInsn (169 bytes)
Event: 65.719 Thread 0x0000000016e90800 3069       4       com.android.dx.rop.code.DexTranslationAdvice::requiresSourcesInOrder (30 bytes)

GC Heap History (10 events):
Event: 40.765 GC heap before
{Heap before GC invocations=16 (full 3):
 PSYoungGen      total 375296K, used 348038K [0x00000000d5580000, 0x00000000f2380000, 0x0000000100000000)
  eden space 313856K, 100% used [0x00000000d5580000,0x00000000e8800000,0x00000000e8800000)
  from space 61440K, 55% used [0x00000000ed280000,0x00000000ef3e1ad8,0x00000000f0e80000)
  to   space 76288K, 0% used [0x00000000e8800000,0x00000000e8800000,0x00000000ed280000)
 ParOldGen       total 254464K, used 155384K [0x0000000080000000, 0x000000008f880000, 0x00000000d5580000)
  object space 254464K, 61% used [0x0000000080000000,0x00000000897be320,0x000000008f880000)
 Metaspace       used 6570K, capacity 7320K, committed 7680K, reserved 1056768K
  class space    used 616K, capacity 656K, committed 768K, reserved 1048576K
Event: 40.893 GC heap after
Heap after GC invocations=16 (full 3):
 PSYoungGen      total 390144K, used 40794K [0x00000000d5580000, 0x00000000f4a00000, 0x0000000100000000)
  eden space 313856K, 0% used [0x00000000d5580000,0x00000000d5580000,0x00000000e8800000)
  from space 76288K, 53% used [0x00000000e8800000,0x00000000eafd6b08,0x00000000ed280000)
  to   space 76800K, 0% used [0x00000000eff00000,0x00000000eff00000,0x00000000f4a00000)
 ParOldGen       total 254464K, used 189861K [0x0000000080000000, 0x000000008f880000, 0x00000000d5580000)
  object space 254464K, 74% used [0x0000000080000000,0x000000008b9696e8,0x000000008f880000)
 Metaspace       used 6570K, capacity 7320K, committed 7680K, reserved 1056768K
  class space    used 616K, capacity 656K, committed 768K, reserved 1048576K
}
Event: 41.787 GC heap before
{Heap before GC invocations=17 (full 3):
 PSYoungGen      total 390144K, used 354650K [0x00000000d5580000, 0x00000000f4a00000, 0x0000000100000000)
  eden space 313856K, 100% used [0x00000000d5580000,0x00000000e8800000,0x00000000e8800000)
  from space 76288K, 53% used [0x00000000e8800000,0x00000000eafd6b08,0x00000000ed280000)
  to   space 76800K, 0% used [0x00000000eff00000,0x00000000eff00000,0x00000000f4a00000)
 ParOldGen       total 254464K, used 189861K [0x0000000080000000, 0x000000008f880000, 0x00000000d5580000)
  object space 254464K, 74% used [0x0000000080000000,0x000000008b9696e8,0x000000008f880000)
 Metaspace       used 6580K, capacity 7320K, committed 7680K, reserved 1056768K
  class space    used 616K, capacity 656K, committed 768K, reserved 1048576K
Event: 41.905 GC heap after
Heap after GC invocations=17 (full 3):
 PSYoungGen      total 417792K, used 76793K [0x00000000d5580000, 0x00000000f7780000, 0x0000000100000000)
  eden space 340992K, 0% used [0x00000000d5580000,0x00000000d5580000,0x00000000ea280000)
  from space 76800K, 99% used [0x00000000eff00000,0x00000000f49fe580,0x00000000f4a00000)
  to   space 94720K, 0% used [0x00000000ea280000,0x00000000ea280000,0x00000000eff00000)
 ParOldGen       total 254464K, used 203196K [0x0000000080000000, 0x000000008f880000, 0x00000000d5580000)
  object space 254464K, 79% used [0x0000000080000000,0x000000008c66f0c0,0x000000008f880000)
 Metaspace       used 6580K, capacity 7320K, committed 7680K, reserved 1056768K
  class space    used 616K, capacity 656K, committed 768K, reserved 1048576K
}
Event: 43.189 GC heap before
{Heap before GC invocations=18 (full 3):
 PSYoungGen      total 417792K, used 417785K [0x00000000d5580000, 0x00000000f7780000, 0x0000000100000000)
  eden space 340992K, 100% used [0x00000000d5580000,0x00000000ea280000,0x00000000ea280000)
  from space 76800K, 99% used [0x00000000eff00000,0x00000000f49fe580,0x00000000f4a00000)
  to   space 94720K, 0% used [0x00000000ea280000,0x00000000ea280000,0x00000000eff00000)
 ParOldGen       total 254464K, used 203196K [0x0000000080000000, 0x000000008f880000, 0x00000000d5580000)
  object space 254464K, 79% used [0x0000000080000000,0x000000008c66f0c0,0x000000008f880000)
 Metaspace       used 6586K, capacity 7320K, committed 7680K, reserved 1056768K
  class space    used 616K, capacity 656K, committed 768K, reserved 1048576K
Event: 43.357 GC heap after
Heap after GC invocations=18 (full 3):
 PSYoungGen      total 435712K, used 55151K [0x00000000d5580000, 0x00000000f7780000, 0x0000000100000000)
  eden space 340992K, 0% used [0x00000000d5580000,0x00000000d5580000,0x00000000ea280000)
  from space 94720K, 58% used [0x00000000ea280000,0x00000000ed85bd28,0x00000000eff00000)
  to   space 76800K, 0% used [0x00000000eff00000,0x00000000eff00000,0x00000000f4a00000)
 ParOldGen       total 280576K, used 280070K [0x0000000080000000, 0x0000000091200000, 0x00000000d5580000)
  object space 280576K, 99% used [0x0000000080000000,0x00000000911818b8,0x0000000091200000)
 Metaspace       used 6586K, capacity 7320K, committed 7680K, reserved 1056768K
  class space    used 616K, capacity 656K, committed 768K, reserved 1048576K
}
Event: 43.357 GC heap before
{Heap before GC invocations=19 (full 4):
 PSYoungGen      total 435712K, used 55151K [0x00000000d5580000, 0x00000000f7780000, 0x0000000100000000)
  eden space 340992K, 0% used [0x00000000d5580000,0x00000000d5580000,0x00000000ea280000)
  from space 94720K, 58% used [0x00000000ea280000,0x00000000ed85bd28,0x00000000eff00000)
  to   space 76800K, 0% used [0x00000000eff00000,0x00000000eff00000,0x00000000f4a00000)
 ParOldGen       total 280576K, used 280070K [0x0000000080000000, 0x0000000091200000, 0x00000000d5580000)
  object space 280576K, 99% used [0x0000000080000000,0x00000000911818b8,0x0000000091200000)
 Metaspace       used 6586K, capacity 7320K, committed 7680K, reserved 1056768K
  class space    used 616K, capacity 656K, committed 768K, reserved 1048576K
Event: 47.419 GC heap after
Heap after GC invocations=19 (full 4):
 PSYoungGen      total 435712K, used 48696K [0x00000000d5580000, 0x00000000f7780000, 0x0000000100000000)
  eden space 340992K, 0% used [0x00000000d5580000,0x00000000d5580000,0x00000000ea280000)
  from space 94720K, 51% used [0x00000000ea280000,0x00000000ed20e378,0x00000000eff00000)
  to   space 76800K, 0% used [0x00000000eff00000,0x00000000eff00000,0x00000000f4a00000)
 ParOldGen       total 280576K, used 280524K [0x0000000080000000, 0x0000000091200000, 0x00000000d5580000)
  object space 280576K, 99% used [0x0000000080000000,0x00000000911f3298,0x0000000091200000)
 Metaspace       used 6586K, capacity 7320K, committed 7680K, reserved 1056768K
  class space    used 616K, capacity 656K, committed 768K, reserved 1048576K
}
Event: 63.725 GC heap before
{Heap before GC invocations=20 (full 5):
 PSYoungGen      total 435712K, used 389688K [0x00000000d5580000, 0x00000000f7780000, 0x0000000100000000)
  eden space 340992K, 100% used [0x00000000d5580000,0x00000000ea280000,0x00000000ea280000)
  from space 94720K, 51% used [0x00000000ea280000,0x00000000ed20e378,0x00000000eff00000)
  to   space 76800K, 0% used [0x00000000eff00000,0x00000000eff00000,0x00000000f4a00000)
 ParOldGen       total 280576K, used 280524K [0x0000000080000000, 0x0000000091200000, 0x00000000d5580000)
  object space 280576K, 99% used [0x0000000080000000,0x00000000911f3298,0x0000000091200000)
 Metaspace       used 6592K, capacity 7320K, committed 7680K, reserved 1056768K
  class space    used 616K, capacity 656K, committed 768K, reserved 1048576K
Event: 65.507 GC heap after
Heap after GC invocations=20 (full 5):
 PSYoungGen      total 435712K, used 102863K [0x00000000d5580000, 0x00000000f7780000, 0x0000000100000000)
  eden space 340992K, 30% used [0x00000000d5580000,0x00000000db9f3cf0,0x00000000ea280000)
  from space 94720K, 0% used [0x00000000ea280000,0x00000000ea280000,0x00000000eff00000)
  to   space 76800K, 0% used [0x00000000eff00000,0x00000000eff00000,0x00000000f4a00000)
 ParOldGen       total 280576K, used 280563K [0x0000000080000000, 0x0000000091200000, 0x00000000d5580000)
  object space 280576K, 99% used [0x0000000080000000,0x00000000911fcd30,0x0000000091200000)
 Metaspace       used 6592K, capacity 7320K, committed 7680K, reserved 1056768K
  class space    used 616K, capacity 656K, committed 768K, reserved 1048576K
}

Deoptimization events (10 events):
Event: 42.318 Thread 0x0000000000a2e000 Uncommon trap: reason=bimorphic action=maybe_recompile pc=0x0000000002b8fe60 method=com.android.dx.cf.code.BytecodeArray.parseInstruction(ILcom/android/dx/cf/code/BytecodeArray$Visitor;)I @ 1549
Event: 42.318 Thread 0x0000000000a2e000 Uncommon trap: reason=bimorphic action=maybe_recompile pc=0x0000000002b8fe60 method=com.android.dx.cf.code.BytecodeArray.parseInstruction(ILcom/android/dx/cf/code/BytecodeArray$Visitor;)I @ 1549
Event: 42.451 Thread 0x0000000019005800 Uncommon trap: reason=bimorphic action=maybe_recompile pc=0x0000000002612130 method=com.android.dx.ssa.back.FirstFitLocalCombiningAllocator.findNextUnreservedRopReg(IILcom/android/dx/ssa/back/FirstFitLocalCombiningAllocator$Alignment;)I @ 60
Event: 42.451 Thread 0x0000000019005800 Uncommon trap: reason=bimorphic action=maybe_recompile pc=0x0000000002bde884 method=com.android.dx.ssa.back.FirstFitLocalCombiningAllocator.findNextUnreservedRopReg(IILcom/android/dx/ssa/back/FirstFitLocalCombiningAllocator$Alignment;)I @ 60
Event: 42.504 Thread 0x0000000018aca000 Uncommon trap: reason=bimorphic action=maybe_recompile pc=0x0000000002bde884 method=com.android.dx.ssa.back.FirstFitLocalCombiningAllocator.findNextUnreservedRopReg(IILcom/android/dx/ssa/back/FirstFitLocalCombiningAllocator$Alignment;)I @ 60
Event: 42.505 Thread 0x0000000018aca000 Uncommon trap: reason=bimorphic action=maybe_recompile pc=0x0000000002bde884 method=com.android.dx.ssa.back.FirstFitLocalCombiningAllocator.findNextUnreservedRopReg(IILcom/android/dx/ssa/back/FirstFitLocalCombiningAllocator$Alignment;)I @ 60
Event: 50.477 Thread 0x0000000018aca000 Uncommon trap: reason=unreached action=reinterpret pc=0x0000000002c99468 method=com.android.dx.rop.code.Rops.ropFor(ILcom/android/dx/rop/type/TypeBearer;Lcom/android/dx/rop/type/TypeList;Lcom/android/dx/rop/cst/Constant;)Lcom/android/dx/rop/code/Rop; @ 455…©þi™ÙO@
Event: 63.700 Thread 0x0000000018af6800 Uncommon trap: reason=bimorphic action=maybe_recompile pc=0x0000000002612230 method=com.android.dx.ssa.back.FirstFitLocalCombiningAllocator.findNextUnreservedRopReg(IILcom/android/dx/ssa/back/FirstFitLocalCombiningAllocator$Alignment;)I @ 60
Event: 65.717 Thread 0x0000000018aca000 Uncommon trap: reason=unreached action=reinterpret pc=0x0000000002b42eec method=com.android.dx.rop.code.LocalItem.compareHandlesNulls(Lcom/android/dx/rop/cst/CstString;Lcom/android/dx/rop/cst/CstString;)I @ 8
Event: 65.717 Thread 0x0000000018aca000 Uncommon trap: reason=unreached action=reinterpret pc=0x0000000002a50aac method=com.android.dx.rop.code.LocalItem.compareHandlesNulls(Lcom/android/dx/rop/cst/CstString;Lcom/android/dx/rop/cst/CstString;)I @ 8

Internal exceptions (10 events):
Event: 35.555 Thread 0x0000000000a2e000 Exception <a 'java/security/PrivilegedActionException'> (0x00000000e0677670) thrown at [D:\re\workspace\8-2-build-windows-amd64-cygwin\jdk8u25\1677\hotspot\src\share\vm\prims\jvm.cpp, line 1312]
Event: 35.558 Thread 0x0000000000a2e000 Implicit null exception at 0x00000000024a6dec to 0x00000000024a7599
Event: 39.295 Thread 0x0000000018aca000 Exception <a 'java/security/PrivilegedActionException'> (0x00000000e00354d0) thrown at [D:\re\workspace\8-2-build-windows-amd64-cygwin\jdk8u25\1677\hotspot\src\share\vm\prims\jvm.cpp, line 1312]
Event: 39.814 Thread 0x0000000018af6800 Implicit null exception at 0x0000000002c5f46c to 0x0000000002c6002d
Event: 39.814 Thread 0x0000000018af6800 Implicit null exception at 0x00000000024000a4 to 0x0000000002400229
Event: 39.836 Thread 0x0000000019005800 Implicit null exception at 0x0000000002ca64d0 to 0x0000000002ca6641
Event: 39.836 Thread 0x0000000019005800 Implicit null exception at 0x00000000025f8dd9 to 0x00000000025f8ee9
Event: 65.717 Thread 0x0000000018aca000 Implicit null exception at 0x0000000002b41f6e to 0x0000000002b42ec1
Event: 65.717 Thread 0x0000000018aca000 Implicit null exception at 0x0000000002a5092c to 0x0000000002a50a99
Event: 65.722 Thread 0x0000000018aca000 Implicit null exception at 0x000000000254b095 to 0x000000000254b1a5

Events (10 events):
Event: 63.700 Thread 0x0000000018af6800 DEOPT UNPACKING pc=0x00000000022b556a sp=0x000000001a5ceab0 mode 2
Event: 63.725 Executing VM operation: ParallelGCFailedAllocation
Event: 65.507 Executing VM operation: ParallelGCFailedAllocation done
Event: 65.717 Thread 0x0000000018aca000 Uncommon trap: trap_request=0xffffffad fr.pc=0x0000000002b42eec
Event: 65.717 Thread 0x0000000018aca000 DEOPT PACKING pc=0x0000000002b42eec sp=0x000000001a8ceab0
Event: 65.717 Thread 0x0000000018aca000 DEOPT UNPACKING pc=0x00000000022b556a sp=0x000000001a8ce878 mode 2
Event: 65.717 Thread 0x0000000018aca000 Uncommon trap: trap_request=0xffffffad fr.pc=0x0000000002a50aac
Event: 65.717 Thread 0x0000000018aca000 DEOPT PACKING pc=0x0000000002a50aac sp=0x000000001a8ce9f0
Event: 65.717 Thread 0x0000000018aca000 DEOPT UNPACKING pc=0x00000000022b556a sp=0x000000001a8ce8d0 mode 2
Event: 65.722 Thread 0x0000000018aca000 Uncommon trap: trap_request=0xffffffad fr.pc=0x000000000254b1b8


Dynamic libraries:
0x00007ff77e3e0000 - 0x00007ff77e414000 	C:\Program Files\Java\jdk1.8.0_25\bin\java.exe
0x00007ffb090f0000 - 0x00007ffb0929d000 	C:\Windows\SYSTEM32\ntdll.dll
0x00007ffb06770000 - 0x00007ffb068ae000 	C:\Windows\system32\KERNEL32.DLL
0x00007ffb062e0000 - 0x00007ffb063f5000 	C:\Windows\system32\KERNELBASE.dll
0x00007ffb04de0000 - 0x00007ffb04e6e000 	C:\Windows\system32\apphelp.dll
0x00007ffaef340000 - 0x00007ffaef393000 	C:\Windows\AppPatch\AppPatch64\AcGenral.DLL
0x00007ffb084c0000 - 0x00007ffb0856a000 	C:\Windows\system32\msvcrt.dll
0x00007ffb06450000 - 0x00007ffb0647e000 	C:\Windows\system32\SspiCli.dll
0x00007ffb08730000 - 0x00007ffb08784000 	C:\Windows\system32\SHLWAPI.dll
0x00007ffb06a30000 - 0x00007ffb06ba7000 	C:\Windows\system32\USER32.dll
0x00007ffb08e70000 - 0x00007ffb09004000 	C:\Windows\system32\ole32.dll
0x00007ffb06bd0000 - 0x00007ffb080f8000 	C:\Windows\system32\SHELL32.dll
0x00007ffb057e0000 - 0x00007ffb05801000 	C:\Windows\SYSTEM32\USERENV.dll
0x00007ffb068b0000 - 0x00007ffb0695a000 	C:\Windows\system32\ADVAPI32.dll
0x00007ffafe4b0000 - 0x00007ffafe4ce000 	C:\Windows\SYSTEM32\MPR.dll
0x00007ffb08320000 - 0x00007ffb08460000 	C:\Windows\system32\RPCRT4.dll
0x00007ffb08790000 - 0x00007ffb087e9000 	C:\Windows\SYSTEM32\sechost.dll
0x00007ffb087f0000 - 0x00007ffb08a01000 	C:\Windows\SYSTEM32\combase.dll
0x00007ffb08100000 - 0x00007ffb0824f000 	C:\Windows\system32\GDI32.dll
0x00007ffb06210000 - 0x00007ffb06225000 	C:\Windows\SYSTEM32\profapi.dll
0x00007ffb04790000 - 0x00007ffb04842000 	C:\Windows\SYSTEM32\SHCORE.dll
0x00007ffb08e30000 - 0x00007ffb08e66000 	C:\Windows\system32\IMM32.DLL
0x00007ffb08cd0000 - 0x00007ffb08e22000 	C:\Windows\system32\MSCTF.dll
0x00007ffb03d20000 - 0x00007ffb03f9b000 	C:\Windows\WinSxS\amd64_microsoft.windows.common-controls_6595b64144ccf1df_6.0.9600.18006_none_623f33d3ecbe86e8\COMCTL32.dll
0x0000000057a50000 - 0x0000000057b22000 	C:\Program Files\Java\jdk1.8.0_25\jre\bin\msvcr100.dll
0x0000000057e00000 - 0x000000005865a000 	C:\Program Files\Java\jdk1.8.0_25\jre\bin\server\jvm.dll
0x00007ffafacb0000 - 0x00007ffafacb9000 	C:\Windows\SYSTEM32\WSOCK32.dll
0x00007ffafcd00000 - 0x00007ffafcd22000 	C:\Windows\SYSTEM32\WINMM.dll
0x00007ffb08a10000 - 0x00007ffb08a17000 	C:\Windows\system32\PSAPI.DLL
0x00007ffb082c0000 - 0x00007ffb0831a000 	C:\Windows\system32\WS2_32.dll
0x00007ffafcca0000 - 0x00007ffafccca000 	C:\Windows\SYSTEM32\WINMMBASE.dll
0x00007ffb090d0000 - 0x00007ffb090d9000 	C:\Windows\system32\NSI.dll
0x00007ffb06400000 - 0x00007ffb0644f000 	C:\Windows\SYSTEM32\cfgmgr32.dll
0x00007ffb05040000 - 0x00007ffb05068000 	C:\Windows\SYSTEM32\DEVOBJ.dll
0x0000000058810000 - 0x000000005881f000 	C:\Program Files\Java\jdk1.8.0_25\jre\bin\verify.dll
0x00000000587e0000 - 0x0000000058808000 	C:\Program Files\Java\jdk1.8.0_25\jre\bin\java.dll
0x00000000587c0000 - 0x00000000587d6000 	C:\Program Files\Java\jdk1.8.0_25\jre\bin\zip.dll
0x00007ffafd320000 - 0x00007ffafd4a9000 	C:\Windows\SYSTEM32\dbghelp.dll

VM Arguments:
jvm_args: -Djava.awt.headless=true -Xmx2g -Dfile.encoding=windows-1252 -Duser.country=US -Duser.language=en -Duser.variant 
java_command: com.android.dx.command.Main --dex --num-threads=4 --multi-dex --main-dex-list E:\AndroidAPPs\androidapp\MovieApp^\TourismGuide\app\build\intermediates\multi-dex\debug\maindexlist.txt --output E:\AndroidAPPs\androidapp\MovieApp^\TourismGuide\app\build\intermediates\transforms\dex\debug\folders\1000\1f\main E:\AndroidAPPs\androidapp\MovieApp^\TourismGuide\app\build\intermediates\transforms\jarMerging\debug\jars\1\1f\combined.jar
java_class_path (initial): E:\programs\Android\android_studio\sdk\build-tools\23.0.2\lib\dx.jar
Launcher Type: SUN_STANDARD

Environment Variables:
JAVA_HOME=C:\Program Files\Java\jdk1.8.0_25
JRE_HOME=C:\Program Files\Java\jre1.8.0_66
CLASSPATH=C:\Users\Ahmed AboMazin\Desktop\jade.jar
PATH=C:\app\Ahmed_AboMazin\product\11.2.0\dbhome_1\bin;E:\app\Ahmed_AboMazin\bin;C:\Windows\system32;C:\Windows;C:\Windows\System32\Wbem;C:\Windows\System32\WindowsPowerShell\v1.0\;C:\Program Files\Microsoft SQL Server\110\Tools\Binn\;C:\Program Files\7-Zip;C:\Program Files (x86)\Microsoft ASP.NET\ASP.NET Web Pages\v1.0\;C:\Program Files (x86)\Microsoft SQL Server\110\Tools\Binn\;C:\Program Files\Microsoft SQL Server\110\DTS\Binn\;C:\Program Files (x86)\Microsoft SQL Server\110\Tools\Binn\ManagementStudio\;C:\Program Files (x86)\Microsoft Visual Studio 10.0\Common7\IDE\PrivateAssemblies\;C:\Program Files (x86)\Microsoft SQL Server\110\DTS\Binn\;E:\matlab installation\bin;E:\matlab installation\bin\win32;E:\Matlab installatio\bin;E:\Matlab installatio\bin\win32;C:\Program Files (x86)\MySQL\MySQL Server 5.0\bin;C:\Program Files\Git\cmd;C:\Program Files (x86)\Windows Kits\8.0\Windows Performance Toolkit\;c:\Program Files (x86)\Microsoft SQL Server\90\Tools\binn\;C:\Program Files\Java\jdk1.7.0_71\bin
USERNAME=Ahmed AboMazin
OS=Windows_NT
PROCESSOR_IDENTIFIER=Intel64 Family 6 Model 58 Stepping 9, GenuineIntel



---------------  S Y S T E M  ---------------

OS: Windows 8.1 , 64 bit Build 9600 

CPU:total 4 (2 cores per cpu, 2 threads per core) family 6 model 58 stepping 9, cmov, cx8, fxsr, mmx, sse, sse2, sse3, ssse3, sse4.1, sse4.2, popcnt, avx, aes, clmul, erms, ht, tsc, tscinvbit, tscinv

Memory: 4k page, physical 4078952k(444856k free), swap 6964788k(5436k free)

vm_info: Java HotSpot(TM) 64-Bit Server VM (25.25-b02) for windows-amd64 JRE (1.8.0_25-b18), built on Oct  7 2014 14:25:37 by "java_re" with MS VC++ 10.0 (VS2010)

time: Tue Oct 18 14:55:14 2016
elapsed time: 67 seconds (0d 0h 1m 7s)

