#
# There is insufficient memory for the Java Runtime Environment to continue.
# Native memory allocation (malloc) failed to allocate 457312 bytes for Chunk::new
# Possible reasons:
#   The system is out of physical RAM or swap space
#   In 32 bit mode, the process size limit was hit
# Possible solutions:
#   Reduce memory load on the system
#   Increase physical memory or swap space
#   Check if swap backing store is full
#   Use 64 bit Java on a 64 bit OS
#   Decrease Java heap size (-Xmx/-Xms)
#   Decrease number of Java threads
#   Decrease Java thread stack sizes (-Xss)
#   Set larger code cache with -XX:ReservedCodeCacheSize=
# This output file may be truncated or incomplete.
#
#  Out of Memory Error (allocation.cpp:390), pid=696, tid=4404
#
# JRE version: Java(TM) SE Runtime Environment (8.0_25-b18) (build 1.8.0_25-b18)
# Java VM: Java HotSpot(TM) 64-Bit Server VM (25.25-b02 mixed mode windows-amd64 compressed oops)
# Failed to write core dump. Minidumps are not enabled by default on client versions of Windows
#

---------------  T H R E A D  ---------------

Current thread (0x0000000016ffd000):  JavaThread "C2 CompilerThread0" daemon [_thread_in_native, id=4404, stack(0x0000000018560000,0x0000000018660000)]

Stack: [0x0000000018560000,0x0000000018660000]
Native frames: (J=compiled Java code, j=interpreted, Vv=VM code, C=native code)
V  [jvm.dll+0x31667a]


Current CompileTask:
C2: 124511 3008       4       com.android.dx.ssa.SsaConverter::placePhiFunctions (394 bytes)


---------------  P R O C E S S  ---------------

Java Threads: ( => current thread )
  0x0000000018f1e000 JavaThread "pool-2-thread-4" [_thread_blocked, id=2348, stack(0x000000001aa30000,0x000000001ab30000)]
  0x0000000018f1d000 JavaThread "pool-2-thread-3" [_thread_blocked, id=5632, stack(0x000000001a930000,0x000000001aa30000)]
  0x000000001965e000 JavaThread "pool-2-thread-2" [_thread_blocked, id=1724, stack(0x000000001a830000,0x000000001a930000)]
  0x0000000018f30000 JavaThread "pool-3-thread-1" [_thread_blocked, id=3396, stack(0x000000001a730000,0x000000001a830000)]
  0x0000000018f2f800 JavaThread "pool-2-thread-1" [_thread_blocked, id=5392, stack(0x000000001a630000,0x000000001a730000)]
  0x0000000018898800 JavaThread "Service Thread" daemon [_thread_blocked, id=3404, stack(0x0000000018c60000,0x0000000018d60000)]
  0x000000001700c000 JavaThread "C1 CompilerThread2" daemon [_thread_blocked, id=5460, stack(0x0000000018760000,0x0000000018860000)]
  0x0000000016fff000 JavaThread "C2 CompilerThread1" daemon [_thread_blocked, id=5140, stack(0x0000000018660000,0x0000000018760000)]
=>0x0000000016ffd000 JavaThread "C2 CompilerThread0" daemon [_thread_in_native, id=4404, stack(0x0000000018560000,0x0000000018660000)]
  0x0000000016ffa800 JavaThread "Attach Listener" daemon [_thread_blocked, id=1632, stack(0x0000000018460000,0x0000000018560000)]
  0x0000000016ff8800 JavaThread "Signal Dispatcher" daemon [_thread_blocked, id=984, stack(0x0000000018360000,0x0000000018460000)]
  0x00000000023d6000 JavaThread "Finalizer" daemon [_thread_blocked, id=5748, stack(0x0000000018260000,0x0000000018360000)]
  0x0000000016fc8000 JavaThread "Reference Handler" daemon [_thread_blocked, id=3816, stack(0x0000000018160000,0x0000000018260000)]
  0x0000000000a9e000 JavaThread "main" [_thread_blocked, id=5536, stack(0x00000000021e0000,0x00000000022e0000)]

Other Threads:
  0x0000000016fc7000 VMThread [stack: 0x0000000018060000,0x0000000018160000] [id=3628]
  0x000000001889a800 WatcherThread [stack: 0x0000000018d60000,0x0000000018e60000] [id=3812]

VM state:at safepoint (normal execution)

VM Mutex/Monitor currently owned by a thread:  ([mutex/lock_event])
[0x0000000000a9d2c0] Threads_lock - owner thread: 0x0000000016fc7000
[0x0000000000a9d7c0] Heap_lock - owner thread: 0x0000000018f1d000

Heap:
 PSYoungGen      total 461312K, used 349184K [0x00000000d5580000, 0x00000000f8700000, 0x0000000100000000)
  eden space 349184K, 100% used [0x00000000d5580000,0x00000000eaa80000,0x00000000eaa80000)
  from space 112128K, 0% used [0x00000000eaa80000,0x00000000eaa80000,0x00000000f1800000)
  to   space 113664K, 0% used [0x00000000f1800000,0x00000000f1800000,0x00000000f8700000)
 ParOldGen       total 454144K, used 453791K [0x0000000080000000, 0x000000009bb80000, 0x00000000d5580000)
  object space 454144K, 99% used [0x0000000080000000,0x000000009bb27c18,0x000000009bb80000)
 Metaspace       used 6633K, capacity 7384K, committed 7680K, reserved 1056768K
  class space    used 617K, capacity 656K, committed 768K, reserved 1048576K

Card table byte_map: [0x00000000117a0000,0x0000000011bb0000] byte_map_base: 0x00000000113a0000

Marking Bits: (ParMarkBitMap*) 0x00000000765cd490
 Begin Bits: [0x0000000012260000, 0x0000000014260000)
 End Bits:   [0x0000000014260000, 0x0000000016260000)

Polling page: 0x0000000000870000

CodeCache: size=245760Kb used=11455Kb max_used=11529Kb free=234304Kb
 bounds [0x00000000023e0000, 0x0000000002f50000, 0x00000000113e0000]
 total_blobs=2717 nmethods=2452 adapters=178
 compilation: enabled

Compilation events (10 events):
Event: 101.947 Thread 0x0000000016ffd000 nmethod 3003 0x0000000002921d10 code [0x0000000002921e60, 0x0000000002921f38]
Event: 101.947 Thread 0x0000000016ffd000 3004 %     4       com.android.dx.ssa.SsaConverter::placePhiFunctions @ 229 (394 bytes)
Event: 101.954 Thread 0x000000001700c000 3005       3       java.lang.Class::getGenericInfo (52 bytes)
Event: 101.956 Thread 0x000000001700c000 nmethod 3005 0x0000000002f14750 code [0x0000000002f149a0, 0x0000000002f15688]
Event: 101.956 Thread 0x000000001700c000 3006       3       sun.reflect.generics.repository.ClassRepository::getSuperInterfaces (78 bytes)
Event: 101.957 Thread 0x000000001700c000 nmethod 3006 0x00000000025fea90 code [0x00000000025fec80, 0x00000000025ff838]
Event: 109.921 Thread 0x0000000016ffd000 nmethod 3004% 0x0000000002dbdbd0 code [0x0000000002dbdec0, 0x0000000002dc01e8]
Event: 114.266 Thread 0x0000000016ffd000 3008       4       com.android.dx.ssa.SsaConverter::placePhiFunctions (394 bytes)
Event: 114.266 Thread 0x0000000016fff000 3007 %     4       com.android.dx.ssa.DomFront::<init> @ 35 (60 bytes)
Event: 114.270 Thread 0x0000000016fff000 nmethod 3007% 0x0000000002638cd0 code [0x0000000002638e20, 0x0000000002639098]

GC Heap History (10 events):
Event: 115.757 GC heap after
Heap after GC invocations=41 (full 20):
 PSYoungGen      total 461312K, used 346385K [0x00000000d5580000, 0x00000000f8700000, 0x0000000100000000)
  eden space 349184K, 99% used [0x00000000d5580000,0x00000000ea7c47d0,0x00000000eaa80000)
  from space 112128K, 0% used [0x00000000eaa80000,0x00000000eaa80000,0x00000000f1800000)
  to   space 113664K, 0% used [0x00000000f1800000,0x00000000f1800000,0x00000000f8700000)
 ParOldGen       total 454144K, used 453792K [0x0000000080000000, 0x000000009bb80000, 0x00000000d5580000)
  object space 454144K, 99% used [0x0000000080000000,0x000000009bb28358,0x000000009bb80000)
 Metaspace       used 6633K, capacity 7384K, committed 7680K, reserved 1056768K
  class space    used 617K, capacity 656K, committed 768K, reserved 1048576K
}
Event: 115.765 GC heap before
{Heap before GC invocations=42 (full 21):
 PSYoungGen      total 461312K, used 349184K [0x00000000d5580000, 0x00000000f8700000, 0x0000000100000000)
  eden space 349184K, 100% used [0x00000000d5580000,0x00000000eaa80000,0x00000000eaa80000)
  from space 112128K, 0% used [0x00000000eaa80000,0x00000000eaa80000,0x00000000f1800000)
  to   space 113664K, 0% used [0x00000000f1800000,0x00000000f1800000,0x00000000f8700000)
 ParOldGen       total 454144K, used 453792K [0x0000000080000000, 0x000000009bb80000, 0x00000000d5580000)
  object space 454144K, 99% used [0x0000000080000000,0x000000009bb28358,0x000000009bb80000)
 Metaspace       used 6633K, capacity 7384K, committed 7680K, reserved 1056768K
  class space    used 617K, capacity 656K, committed 768K, reserved 1048576K
Event: 118.008 GC heap after
Heap after GC invocations=42 (full 21):
 PSYoungGen      total 461312K, used 346732K [0x00000000d5580000, 0x00000000f8700000, 0x0000000100000000)
  eden space 349184K, 99% used [0x00000000d5580000,0x00000000ea81b020,0x00000000eaa80000)
  from space 112128K, 0% used [0x00000000eaa80000,0x00000000eaa80000,0x00000000f1800000)
  to   space 113664K, 0% used [0x00000000f1800000,0x00000000f1800000,0x00000000f8700000)
 ParOldGen       total 454144K, used 453792K [0x0000000080000000, 0x000000009bb80000, 0x00000000d5580000)
  object space 454144K, 99% used [0x0000000080000000,0x000000009bb281d8,0x000000009bb80000)
 Metaspace       used 6633K, capacity 7384K, committed 7680K, reserved 1056768K
  class space    used 617K, capacity 656K, committed 768K, reserved 1048576K
}
Event: 118.015 GC heap before
{Heap before GC invocations=43 (full 22):
 PSYoungGen      total 461312K, used 349184K [0x00000000d5580000, 0x00000000f8700000, 0x0000000100000000)
  eden space 349184K, 100% used [0x00000000d5580000,0x00000000eaa80000,0x00000000eaa80000)
  from space 112128K, 0% used [0x00000000eaa80000,0x00000000eaa80000,0x00000000f1800000)
  to   space 113664K, 0% used [0x00000000f1800000,0x00000000f1800000,0x00000000f8700000)
 ParOldGen       total 454144K, used 453792K [0x0000000080000000, 0x000000009bb80000, 0x00000000d5580000)
  object space 454144K, 99% used [0x0000000080000000,0x000000009bb281d8,0x000000009bb80000)
 Metaspace       used 6633K, capacity 7384K, committed 7680K, reserved 1056768K
  class space    used 617K, capacity 656K, committed 768K, reserved 1048576K
Event: 119.505 GC heap after
Heap after GC invocations=43 (full 22):
 PSYoungGen      total 461312K, used 347918K [0x00000000d5580000, 0x00000000f8700000, 0x0000000100000000)
  eden space 349184K, 99% used [0x00000000d5580000,0x00000000ea943b38,0x00000000eaa80000)
  from space 112128K, 0% used [0x00000000eaa80000,0x00000000eaa80000,0x00000000f1800000)
  to   space 113664K, 0% used [0x00000000f1800000,0x00000000f1800000,0x00000000f8700000)
 ParOldGen       total 454144K, used 453792K [0x0000000080000000, 0x000000009bb80000, 0x00000000d5580000)
  object space 454144K, 99% used [0x0000000080000000,0x000000009bb281d8,0x000000009bb80000)
 Metaspace       used 6633K, capacity 7384K, committed 7680K, reserved 1056768K
  class space    used 617K, capacity 656K, committed 768K, reserved 1048576K
}
Event: 119.509 GC heap before
{Heap before GC invocations=44 (full 23):
 PSYoungGen      total 461312K, used 349184K [0x00000000d5580000, 0x00000000f8700000, 0x0000000100000000)
  eden space 349184K, 100% used [0x00000000d5580000,0x00000000eaa80000,0x00000000eaa80000)
  from space 112128K, 0% used [0x00000000eaa80000,0x00000000eaa80000,0x00000000f1800000)
  to   space 113664K, 0% used [0x00000000f1800000,0x00000000f1800000,0x00000000f8700000)
 ParOldGen       total 454144K, used 453792K [0x0000000080000000, 0x000000009bb80000, 0x00000000d5580000)
  object space 454144K, 99% used [0x0000000080000000,0x000000009bb281d8,0x000000009bb80000)
 Metaspace       used 6633K, capacity 7384K, committed 7680K, reserved 1056768K
  class space    used 617K, capacity 656K, committed 768K, reserved 1048576K
Event: 121.807 GC heap after
Heap after GC invocations=44 (full 23):
 PSYoungGen      total 461312K, used 346457K [0x00000000d5580000, 0x00000000f8700000, 0x0000000100000000)
  eden space 349184K, 99% used [0x00000000d5580000,0x00000000ea7d6610,0x00000000eaa80000)
  from space 112128K, 0% used [0x00000000eaa80000,0x00000000eaa80000,0x00000000f1800000)
  to   space 113664K, 0% used [0x00000000f1800000,0x00000000f1800000,0x00000000f8700000)
 ParOldGen       total 454144K, used 453792K [0x0000000080000000, 0x000000009bb80000, 0x00000000d5580000)
  object space 454144K, 99% used [0x0000000080000000,0x000000009bb280f8,0x000000009bb80000)
 Metaspace       used 6633K, capacity 7384K, committed 7680K, reserved 1056768K
  class space    used 617K, capacity 656K, committed 768K, reserved 1048576K
}
Event: 121.818 GC heap before
{Heap before GC invocations=45 (full 24):
 PSYoungGen      total 461312K, used 349184K [0x00000000d5580000, 0x00000000f8700000, 0x0000000100000000)
  eden space 349184K, 100% used [0x00000000d5580000,0x00000000eaa80000,0x00000000eaa80000)
  from space 112128K, 0% used [0x00000000eaa80000,0x00000000eaa80000,0x00000000f1800000)
  to   space 113664K, 0% used [0x00000000f1800000,0x00000000f1800000,0x00000000f8700000)
 ParOldGen       total 454144K, used 453792K [0x0000000080000000, 0x000000009bb80000, 0x00000000d5580000)
  object space 454144K, 99% used [0x0000000080000000,0x000000009bb280f8,0x000000009bb80000)
 Metaspace       used 6633K, capacity 7384K, committed 7680K, reserved 1056768K
  class space    used 617K, capacity 656K, committed 768K, reserved 1048576K
Event: 124.199 GC heap after
Heap after GC invocations=45 (full 24):
 PSYoungGen      total 461312K, used 347477K [0x00000000d5580000, 0x00000000f8700000, 0x0000000100000000)
  eden space 349184K, 99% used [0x00000000d5580000,0x00000000ea8d5550,0x00000000eaa80000)
  from space 112128K, 0% used [0x00000000eaa80000,0x00000000eaa80000,0x00000000f1800000)
  to   space 113664K, 0% used [0x00000000f1800000,0x00000000f1800000,0x00000000f8700000)
 ParOldGen       total 454144K, used 453791K [0x0000000080000000, 0x000000009bb80000, 0x00000000d5580000)
  object space 454144K, 99% used [0x0000000080000000,0x000000009bb27c18,0x000000009bb80000)
 Metaspace       used 6633K, capacity 7384K, committed 7680K, reserved 1056768K
  class space    used 617K, capacity 656K, committed 768K, reserved 1048576K
}
Event: 124.205 GC heap before
{Heap before GC invocations=46 (full 25):
 PSYoungGen      total 461312K, used 349184K [0x00000000d5580000, 0x00000000f8700000, 0x0000000100000000)
  eden space 349184K, 100% used [0x00000000d5580000,0x00000000eaa80000,0x00000000eaa80000)
  from space 112128K, 0% used [0x00000000eaa80000,0x00000000eaa80000,0x00000000f1800000)
  to   space 113664K, 0% used [0x00000000f1800000,0x00000000f1800000,0x00000000f8700000)
 ParOldGen       total 454144K, used 453791K [0x0000000080000000, 0x000000009bb80000, 0x00000000d5580000)
  object space 454144K, 99% used [0x0000000080000000,0x000000009bb27c18,0x000000009bb80000)
 Metaspace       used 6633K, capacity 7384K, committed 7680K, reserved 1056768K
  class space    used 617K, capacity 656K, committed 768K, reserved 1048576K

Deoptimization events (10 events):
Event: 69.970 Thread 0x0000000018f2f800 Uncommon trap: reason=class_check action=maybe_recompile pc=0x0000000002c63f94 method=com.android.dx.ssa.DomFront.calcDomFronts()V @ 101
Event: 69.971 Thread 0x0000000018f2f800 Uncommon trap: reason=class_check action=maybe_recompile pc=0x0000000002c63f94 method=com.android.dx.ssa.DomFront.calcDomFronts()V @ 101
Event: 69.972 Thread 0x0000000018f2f800 Uncommon trap: reason=class_check action=maybe_recompile pc=0x0000000002c63f94 method=com.android.dx.ssa.DomFront.calcDomFronts()V @ 101
Event: 69.974 Thread 0x0000000018f2f800 Uncommon trap: reason=class_check action=maybe_recompile pc=0x0000000002c6e770 method=com.android.dx.ssa.DomFront.calcDomFronts()V @ 101
Event: 69.976 Thread 0x0000000018f2f800 Uncommon trap: reason=class_check action=maybe_recompile pc=0x0000000002ce2840 method=com.android.dx.ssa.SsaConverter.placePhiFunctions(Lcom/android/dx/ssa/SsaMethod;Lcom/android/dx/ssa/LocalVariableInfo;I)V @ 257
Event: 96.240 Thread 0x000000001965e000 Uncommon trap: reason=unreached action=reinterpret pc=0x0000000002a34740 method=com.android.dx.cf.code.Simulator.requiredArrayTypeFor(Lcom/android/dx/rop/type/Type;Lcom/android/dx/rop/type/Type;)Lcom/android/dx/rop/type/Type; @ 42
Event: 101.946 Thread 0x000000001965e000 Uncommon trap: reason=class_check action=maybe_recompile pc=0x0000000002e8ba6c method=com.android.dx.ssa.SsaConverter.placePhiFunctions(Lcom/android/dx/ssa/SsaMethod;Lcom/android/dx/ssa/LocalVariableInfo;I)V @ 257
Event: 101.949 Thread 0x0000000018f2f800 Uncommon trap: reason=class_check action=maybe_recompile pc=0x0000000002e8ba6c method=com.android.dx.ssa.SsaConverter.placePhiFunctions(Lcom/android/dx/ssa/SsaMethod;Lcom/android/dx/ssa/LocalVariableInfo;I)V @ 257
Event: 114.265 Thread 0x0000000018f1e000 Uncommon trap: reason=class_check action=maybe_recompile pc=0x0000000002e8ba6c method=com.android.dx.ssa.SsaConverter.placePhiFunctions(Lcom/android/dx/ssa/SsaMethod;Lcom/android/dx/ssa/LocalVariableInfo;I)V @ 257
Event: 119.505 Thread 0x0000000018f1d000 Uncommon trap: reason=class_check action=maybe_recompile pc=0x0000000002ce2840 method=com.android.dx.ssa.SsaConverter.placePhiFunctions(Lcom/android/dx/ssa/SsaMethod;Lcom/android/dx/ssa/LocalVariableInfo;I)V @ 257

Internal exceptions (10 events):
Event: 10.700 Thread 0x0000000000a9e000 Exception <a 'java/security/PrivilegedActionException'> (0x00000000d747d170) thrown at [D:\re\workspace\8-2-build-windows-amd64-cygwin\jdk8u25\1677\hotspot\src\share\vm\prims\jvm.cpp, line 1312]
Event: 10.715 Thread 0x0000000000a9e000 Implicit null exception at 0x000000000259b9ec to 0x000000000259c525
Event: 11.603 Thread 0x0000000018f2f800 Exception <a 'java/security/PrivilegedActionException'> (0x00000000d9474fc0) thrown at [D:\re\workspace\8-2-build-windows-amd64-cygwin\jdk8u25\1677\hotspot\src\share\vm\prims\jvm.cpp, line 1312]
Event: 11.627 Thread 0x000000001965e000 Implicit null exception at 0x0000000002d22761 to 0x0000000002d23681
Event: 12.267 Thread 0x000000001965e000 Exception <a 'java/security/PrivilegedActionException'> (0x00000000e4e5e1b8) thrown at [D:\re\workspace\8-2-build-windows-amd64-cygwin\jdk8u25\1677\hotspot\src\share\vm\prims\jvm.cpp, line 1312]
Event: 13.103 Thread 0x0000000000a9e000 Exception <a 'java/security/PrivilegedActionException'> (0x00000000dff63b60) thrown at [D:\re\workspace\8-2-build-windows-amd64-cygwin\jdk8u25\1677\hotspot\src\share\vm\prims\jvm.cpp, line 1312]
Event: 17.253 Thread 0x0000000018f1e000 Implicit null exception at 0x00000000025863ec to 0x0000000002586559
Event: 17.253 Thread 0x0000000018f1e000 Implicit null exception at 0x00000000028818d4 to 0x0000000002881a31
Event: 69.967 Thread 0x0000000018f2f800 Exception <a 'java/security/PrivilegedActionException'> (0x00000000dce03e38) thrown at [D:\re\workspace\8-2-build-windows-amd64-cygwin\jdk8u25\1677\hotspot\src\share\vm\prims\jvm.cpp, line 1312]
Event: 69.977 Thread 0x0000000018f2f800 Exception <a 'java/security/PrivilegedActionException'> (0x00000000dd3d4930) thrown at [D:\re\workspace\8-2-build-windows-amd64-cygwin\jdk8u25\1677\hotspot\src\share\vm\prims\jvm.cpp, line 1312]

Events (10 events):
Event: 118.015 Executing VM operation: ParallelGCFailedAllocation
Event: 119.505 Executing VM operation: ParallelGCFailedAllocation done
Event: 119.505 Thread 0x0000000018f1d000 Uncommon trap: trap_request=0xffffffde fr.pc=0x0000000002ce2840
Event: 119.505 Thread 0x0000000018f1d000 DEOPT PACKING pc=0x0000000002ce2840 sp=0x000000001aa2ebf0
Event: 119.505 Thread 0x0000000018f1d000 DEOPT UNPACKING pc=0x000000000242556a sp=0x000000001aa2ec08 mode 2
Event: 119.509 Executing VM operation: ParallelGCFailedAllocation
Event: 121.807 Executing VM operation: ParallelGCFailedAllocation done
Event: 121.817 Executing VM operation: ParallelGCFailedAllocation
Event: 124.199 Executing VM operation: ParallelGCFailedAllocation done
Event: 124.205 Executing VM operation: ParallelGCFailedAllocation


Dynamic libraries:
0x00007ff674ef0000 - 0x00007ff674f24000 	C:\Program Files\Java\jdk1.8.0_25\bin\java.exe
0x00007ffb96470000 - 0x00007ffb9661d000 	C:\Windows\SYSTEM32\ntdll.dll
0x00007ffb95c10000 - 0x00007ffb95d4e000 	C:\Windows\system32\KERNEL32.DLL
0x00007ffb93740000 - 0x00007ffb93855000 	C:\Windows\system32\KERNELBASE.dll
0x00007ffb92160000 - 0x00007ffb921ee000 	C:\Windows\system32\apphelp.dll
0x00007ffb84270000 - 0x00007ffb842c3000 	C:\Windows\AppPatch\AppPatch64\AcGenral.DLL
0x00007ffb95680000 - 0x00007ffb9572a000 	C:\Windows\system32\msvcrt.dll
0x00007ffb93710000 - 0x00007ffb9373e000 	C:\Windows\system32\SspiCli.dll
0x00007ffb963f0000 - 0x00007ffb96444000 	C:\Windows\system32\SHLWAPI.dll
0x00007ffb95d50000 - 0x00007ffb95ec7000 	C:\Windows\system32\USER32.dll
0x00007ffb93cf0000 - 0x00007ffb93e84000 	C:\Windows\system32\ole32.dll
0x00007ffb93fb0000 - 0x00007ffb954d8000 	C:\Windows\system32\SHELL32.dll
0x00007ffb92b60000 - 0x00007ffb92b81000 	C:\Windows\SYSTEM32\USERENV.dll
0x00007ffb95730000 - 0x00007ffb957da000 	C:\Windows\system32\ADVAPI32.dll
0x00007ffb8b730000 - 0x00007ffb8b74e000 	C:\Windows\SYSTEM32\MPR.dll
0x00007ffb957e0000 - 0x00007ffb95920000 	C:\Windows\system32\RPCRT4.dll
0x00007ffb96390000 - 0x00007ffb963e9000 	C:\Windows\SYSTEM32\sechost.dll
0x00007ffb95ed0000 - 0x00007ffb960e1000 	C:\Windows\SYSTEM32\combase.dll
0x00007ffb95530000 - 0x00007ffb9567f000 	C:\Windows\system32\GDI32.dll
0x00007ffb93590000 - 0x00007ffb935a5000 	C:\Windows\SYSTEM32\profapi.dll
0x00007ffb91b10000 - 0x00007ffb91bc2000 	C:\Windows\SYSTEM32\SHCORE.dll
0x00007ffb954e0000 - 0x00007ffb95516000 	C:\Windows\system32\IMM32.DLL
0x00007ffb960f0000 - 0x00007ffb96242000 	C:\Windows\system32\MSCTF.dll
0x00007ffb910a0000 - 0x00007ffb9131b000 	C:\Windows\WinSxS\amd64_microsoft.windows.common-controls_6595b64144ccf1df_6.0.9600.18006_none_623f33d3ecbe86e8\COMCTL32.dll
0x0000000075950000 - 0x0000000075a22000 	C:\Program Files\Java\jdk1.8.0_25\jre\bin\msvcr100.dll
0x0000000075df0000 - 0x000000007664a000 	C:\Program Files\Java\jdk1.8.0_25\jre\bin\server\jvm.dll
0x00007ffb89f40000 - 0x00007ffb89f49000 	C:\Windows\SYSTEM32\WSOCK32.dll
0x00007ffb89f50000 - 0x00007ffb89f72000 	C:\Windows\SYSTEM32\WINMM.dll
0x00007ffb95520000 - 0x00007ffb95527000 	C:\Windows\system32\PSAPI.DLL
0x00007ffb96250000 - 0x00007ffb962aa000 	C:\Windows\system32\WS2_32.dll
0x00007ffb89f10000 - 0x00007ffb89f3a000 	C:\Windows\SYSTEM32\WINMMBASE.dll
0x00007ffb96380000 - 0x00007ffb96389000 	C:\Windows\system32\NSI.dll
0x00007ffb93aa0000 - 0x00007ffb93aef000 	C:\Windows\SYSTEM32\cfgmgr32.dll
0x00007ffb923c0000 - 0x00007ffb923e8000 	C:\Windows\SYSTEM32\DEVOBJ.dll
0x0000000076aa0000 - 0x0000000076aaf000 	C:\Program Files\Java\jdk1.8.0_25\jre\bin\verify.dll
0x0000000076a70000 - 0x0000000076a98000 	C:\Program Files\Java\jdk1.8.0_25\jre\bin\java.dll
0x0000000076a50000 - 0x0000000076a66000 	C:\Program Files\Java\jdk1.8.0_25\jre\bin\zip.dll
0x00007ffb8a4e0000 - 0x00007ffb8a669000 	C:\Windows\SYSTEM32\dbghelp.dll

VM Arguments:
jvm_args: -Djava.awt.headless=true -Xmx2g -Dfile.encoding=windows-1252 -Duser.country=US -Duser.language=en -Duser.variant 
java_command: com.android.dx.command.Main --dex --num-threads=4 --multi-dex --main-dex-list E:\AndroidAPPs\androidapp\MovieApp^\TourismGuide\app\build\intermediates\multi-dex\debug\maindexlist.txt --output E:\AndroidAPPs\androidapp\MovieApp^\TourismGuide\app\build\intermediates\transforms\dex\debug\folders\1000\1f\main E:\AndroidAPPs\androidapp\MovieApp^\TourismGuide\app\build\intermediates\transforms\jarMerging\debug\jars\1\1f\combined.jar
java_class_path (initial): E:\programs\Android\android_studio\sdk\build-tools\23.0.2\lib\dx.jar
Launcher Type: SUN_STANDARD

Environment Variables:
JAVA_HOME=C:\Program Files\Java\jdk1.8.0_25
JRE_HOME=C:\Program Files\Java\jre1.8.0_66
CLASSPATH=C:\Users\Ahmed AboMazin\Desktop\jade.jar
PATH=C:\app\Ahmed_AboMazin\product\11.2.0\dbhome_1\bin;E:\app\Ahmed_AboMazin\bin;C:\Windows\system32;C:\Windows;C:\Windows\System32\Wbem;C:\Windows\System32\WindowsPowerShell\v1.0\;C:\Program Files\Microsoft SQL Server\110\Tools\Binn\;C:\Program Files\7-Zip;C:\Program Files (x86)\Microsoft ASP.NET\ASP.NET Web Pages\v1.0\;C:\Program Files (x86)\Microsoft SQL Server\110\Tools\Binn\;C:\Program Files\Microsoft SQL Server\110\DTS\Binn\;C:\Program Files (x86)\Microsoft SQL Server\110\Tools\Binn\ManagementStudio\;C:\Program Files (x86)\Microsoft Visual Studio 10.0\Common7\IDE\PrivateAssemblies\;C:\Program Files (x86)\Microsoft SQL Server\110\DTS\Binn\;E:\matlab installation\bin;E:\matlab installation\bin\win32;E:\Matlab installatio\bin;E:\Matlab installatio\bin\win32;C:\Program Files (x86)\MySQL\MySQL Server 5.0\bin;C:\Program Files\Git\cmd;C:\Program Files (x86)\Windows Kits\8.0\Windows Performance Toolkit\;c:\Program Files (x86)\Microsoft SQL Server\90\Tools\binn\;C:\Program Files\Java\jdk1.7.0_71\bin
USERNAME=Ahmed AboMazin
OS=Windows_NT
PROCESSOR_IDENTIFIER=Intel64 Family 6 Model 58 Stepping 9, GenuineIntel



---------------  S Y S T E M  ---------------

OS: Windows 8.1 , 64 bit Build 9600 

CPU:total 4 (2 cores per cpu, 2 threads per core) family 6 model 58 stepping 9, cmov, cx8, fxsr, mmx, sse, sse2, sse3, ssse3, sse4.1, sse4.2, popcnt, avx, aes, clmul, erms, ht, tsc, tscinvbit, tscinv

Memory: 4k page, physical 4078952k(292612k free), swap 7224680k(2700k free)

vm_info: Java HotSpot(TM) 64-Bit Server VM (25.25-b02) for windows-amd64 JRE (1.8.0_25-b18), built on Oct  7 2014 14:25:37 by "java_re" with MS VC++ 10.0 (VS2010)

time: Tue Oct 18 10:56:51 2016
elapsed time: 124 seconds (0d 0h 2m 4s)

